{"D:\\INTERNSHIPS\\sweet-shop\\backend\\src\\db.js": {"path":"D:\\INTERNSHIPS\\sweet-shop\\backend\\src\\db.js","statementMap":{"0":{"start":{"line":1,"column":17},"end":{"line":1,"column":30}},"1":{"start":{"line":2,"column":13},"end":{"line":4,"column":2}},"2":{"start":{"line":5,"column":0},"end":{"line":8,"column":2}},"3":{"start":{"line":6,"column":27},"end":{"line":6,"column":51}}},"fnMap":{"0":{"name":"(anonymous_0)","decl":{"start":{"line":6,"column":9},"end":{"line":6,"column":10}},"loc":{"start":{"line":6,"column":27},"end":{"line":6,"column":51}},"line":6}},"branchMap":{},"s":{"0":4,"1":4,"2":4,"3":46},"f":{"0":46},"b":{},"_coverageSchema":"1a1c01bbd47fc00a2c39e90264f33305004495a9","hash":"8d41821fe4042af3007b4b74c8fbaa104a16ecb6"}
,"D:\\INTERNSHIPS\\sweet-shop\\backend\\src\\index.js": {"path":"D:\\INTERNSHIPS\\sweet-shop\\backend\\src\\index.js","statementMap":{"0":{"start":{"line":2,"column":0},"end":{"line":2,"column":27}},"1":{"start":{"line":3,"column":16},"end":{"line":3,"column":34}},"2":{"start":{"line":4,"column":13},"end":{"line":4,"column":28}},"3":{"start":{"line":5,"column":19},"end":{"line":5,"column":43}},"4":{"start":{"line":6,"column":21},"end":{"line":6,"column":47}},"5":{"start":{"line":7,"column":19},"end":{"line":7,"column":41}},"6":{"start":{"line":8,"column":21},"end":{"line":8,"column":47}},"7":{"start":{"line":10,"column":12},"end":{"line":10,"column":21}},"8":{"start":{"line":11,"column":0},"end":{"line":11,"column":16}},"9":{"start":{"line":12,"column":0},"end":{"line":12,"column":27}},"10":{"start":{"line":14,"column":0},"end":{"line":14,"column":33}},"11":{"start":{"line":15,"column":0},"end":{"line":15,"column":37}},"12":{"start":{"line":16,"column":0},"end":{"line":16,"column":37}},"13":{"start":{"line":19,"column":13},"end":{"line":19,"column":37}},"14":{"start":{"line":20,"column":0},"end":{"line":24,"column":1}},"15":{"start":{"line":21,"column":2},"end":{"line":23,"column":5}},"16":{"start":{"line":22,"column":4},"end":{"line":22,"column":48}},"17":{"start":{"line":26,"column":0},"end":{"line":26,"column":21}}},"fnMap":{"0":{"name":"(anonymous_0)","decl":{"start":{"line":21,"column":19},"end":{"line":21,"column":20}},"loc":{"start":{"line":21,"column":25},"end":{"line":23,"column":3}},"line":21}},"branchMap":{"0":{"loc":{"start":{"line":19,"column":13},"end":{"line":19,"column":37}},"type":"binary-expr","locations":[{"start":{"line":19,"column":13},"end":{"line":19,"column":29}},{"start":{"line":19,"column":33},"end":{"line":19,"column":37}}],"line":19},"1":{"loc":{"start":{"line":20,"column":0},"end":{"line":24,"column":1}},"type":"if","locations":[{"start":{"line":20,"column":0},"end":{"line":24,"column":1}},{"start":{},"end":{}}],"line":20}},"s":{"0":4,"1":4,"2":4,"3":4,"4":4,"5":4,"6":4,"7":4,"8":4,"9":4,"10":4,"11":4,"12":4,"13":4,"14":4,"15":0,"16":0,"17":4},"f":{"0":0},"b":{"0":[4,0],"1":[0,4]},"_coverageSchema":"1a1c01bbd47fc00a2c39e90264f33305004495a9","hash":"d497f3e258271c1dcd4990656df0325c2914e54b"}
,"D:\\INTERNSHIPS\\sweet-shop\\backend\\src\\middleware\\auth.js": {"path":"D:\\INTERNSHIPS\\sweet-shop\\backend\\src\\middleware\\auth.js","statementMap":{"0":{"start":{"line":1,"column":12},"end":{"line":1,"column":35}},"1":{"start":{"line":2,"column":19},"end":{"line":2,"column":53}},"2":{"start":{"line":5,"column":17},"end":{"line":5,"column":42}},"3":{"start":{"line":6,"column":2},"end":{"line":6,"column":71}},"4":{"start":{"line":6,"column":15},"end":{"line":6,"column":71}},"5":{"start":{"line":7,"column":16},"end":{"line":7,"column":33}},"6":{"start":{"line":8,"column":2},"end":{"line":8,"column":84}},"7":{"start":{"line":8,"column":26},"end":{"line":8,"column":84}},"8":{"start":{"line":9,"column":16},"end":{"line":9,"column":24}},"9":{"start":{"line":10,"column":2},"end":{"line":16,"column":3}},"10":{"start":{"line":11,"column":20},"end":{"line":11,"column":49}},"11":{"start":{"line":12,"column":4},"end":{"line":12,"column":23}},"12":{"start":{"line":13,"column":4},"end":{"line":13,"column":11}},"13":{"start":{"line":15,"column":4},"end":{"line":15,"column":60}},"14":{"start":{"line":20,"column":2},"end":{"line":20,"column":72}},"15":{"start":{"line":20,"column":17},"end":{"line":20,"column":72}},"16":{"start":{"line":21,"column":2},"end":{"line":21,"column":86}},"17":{"start":{"line":21,"column":33},"end":{"line":21,"column":86}},"18":{"start":{"line":22,"column":2},"end":{"line":22,"column":9}},"19":{"start":{"line":25,"column":0},"end":{"line":25,"column":40}}},"fnMap":{"0":{"name":"auth","decl":{"start":{"line":4,"column":9},"end":{"line":4,"column":13}},"loc":{"start":{"line":4,"column":30},"end":{"line":17,"column":1}},"line":4},"1":{"name":"requireAdmin","decl":{"start":{"line":19,"column":9},"end":{"line":19,"column":21}},"loc":{"start":{"line":19,"column":38},"end":{"line":23,"column":1}},"line":19}},"branchMap":{"0":{"loc":{"start":{"line":2,"column":19},"end":{"line":2,"column":53}},"type":"binary-expr","locations":[{"start":{"line":2,"column":19},"end":{"line":2,"column":41}},{"start":{"line":2,"column":45},"end":{"line":2,"column":53}}],"line":2},"1":{"loc":{"start":{"line":6,"column":2},"end":{"line":6,"column":71}},"type":"if","locations":[{"start":{"line":6,"column":2},"end":{"line":6,"column":71}},{"start":{},"end":{}}],"line":6},"2":{"loc":{"start":{"line":8,"column":2},"end":{"line":8,"column":84}},"type":"if","locations":[{"start":{"line":8,"column":2},"end":{"line":8,"column":84}},{"start":{},"end":{}}],"line":8},"3":{"loc":{"start":{"line":20,"column":2},"end":{"line":20,"column":72}},"type":"if","locations":[{"start":{"line":20,"column":2},"end":{"line":20,"column":72}},{"start":{},"end":{}}],"line":20},"4":{"loc":{"start":{"line":21,"column":2},"end":{"line":21,"column":86}},"type":"if","locations":[{"start":{"line":21,"column":2},"end":{"line":21,"column":86}},{"start":{},"end":{}}],"line":21}},"s":{"0":4,"1":4,"2":9,"3":9,"4":2,"5":7,"6":7,"7":0,"8":7,"9":7,"10":7,"11":5,"12":5,"13":2,"14":3,"15":0,"16":3,"17":1,"18":2,"19":4},"f":{"0":9,"1":3},"b":{"0":[4,0],"1":[2,7],"2":[0,7],"3":[0,3],"4":[1,2]},"_coverageSchema":"1a1c01bbd47fc00a2c39e90264f33305004495a9","hash":"78fe7e34c79e330cf31a3cc7f6a7c61fa8aae232"}
,"D:\\INTERNSHIPS\\sweet-shop\\backend\\src\\routes\\auth.js": {"path":"D:\\INTERNSHIPS\\sweet-shop\\backend\\src\\routes\\auth.js","statementMap":{"0":{"start":{"line":1,"column":16},"end":{"line":1,"column":34}},"1":{"start":{"line":2,"column":11},"end":{"line":2,"column":27}},"2":{"start":{"line":3,"column":15},"end":{"line":3,"column":32}},"3":{"start":{"line":4,"column":12},"end":{"line":4,"column":35}},"4":{"start":{"line":5,"column":15},"end":{"line":5,"column":31}},"5":{"start":{"line":6,"column":23},"end":{"line":6,"column":38}},"6":{"start":{"line":8,"column":19},"end":{"line":8,"column":53}},"7":{"start":{"line":10,"column":0},"end":{"line":45,"column":3}},"8":{"start":{"line":11,"column":55},"end":{"line":11,"column":63}},"9":{"start":{"line":13,"column":2},"end":{"line":14,"column":61}},"10":{"start":{"line":14,"column":4},"end":{"line":14,"column":61}},"11":{"start":{"line":16,"column":2},"end":{"line":44,"column":3}},"12":{"start":{"line":17,"column":21},"end":{"line":17,"column":83}},"13":{"start":{"line":18,"column":4},"end":{"line":18,"column":94}},"14":{"start":{"line":18,"column":27},"end":{"line":18,"column":94}},"15":{"start":{"line":21,"column":20},"end":{"line":21,"column":26}},"16":{"start":{"line":23,"column":4},"end":{"line":29,"column":5}},"17":{"start":{"line":25,"column":6},"end":{"line":27,"column":7}},"18":{"start":{"line":26,"column":8},"end":{"line":26,"column":102}},"19":{"start":{"line":28,"column":6},"end":{"line":28,"column":26}},"20":{"start":{"line":31,"column":19},"end":{"line":31,"column":50}},"21":{"start":{"line":32,"column":15},"end":{"line":32,"column":23}},"22":{"start":{"line":34,"column":4},"end":{"line":37,"column":6}},"23":{"start":{"line":39,"column":4},"end":{"line":39,"column":63}},"24":{"start":{"line":42,"column":4},"end":{"line":42,"column":23}},"25":{"start":{"line":43,"column":4},"end":{"line":43,"column":54}},"26":{"start":{"line":64,"column":0},"end":{"line":79,"column":3}},"27":{"start":{"line":65,"column":30},"end":{"line":65,"column":38}},"28":{"start":{"line":66,"column":2},"end":{"line":66,"column":84}},"29":{"start":{"line":66,"column":27},"end":{"line":66,"column":84}},"30":{"start":{"line":67,"column":2},"end":{"line":78,"column":3}},"31":{"start":{"line":68,"column":14},"end":{"line":68,"column":101}},"32":{"start":{"line":69,"column":4},"end":{"line":69,"column":83}},"33":{"start":{"line":69,"column":21},"end":{"line":69,"column":83}},"34":{"start":{"line":70,"column":17},"end":{"line":70,"column":26}},"35":{"start":{"line":71,"column":15},"end":{"line":71,"column":60}},"36":{"start":{"line":72,"column":4},"end":{"line":72,"column":75}},"37":{"start":{"line":72,"column":13},"end":{"line":72,"column":75}},"38":{"start":{"line":73,"column":18},"end":{"line":73,"column":110}},"39":{"start":{"line":74,"column":4},"end":{"line":74,"column":100}},"40":{"start":{"line":76,"column":4},"end":{"line":76,"column":23}},"41":{"start":{"line":77,"column":4},"end":{"line":77,"column":54}},"42":{"start":{"line":81,"column":0},"end":{"line":81,"column":24}}},"fnMap":{"0":{"name":"(anonymous_0)","decl":{"start":{"line":10,"column":25},"end":{"line":10,"column":26}},"loc":{"start":{"line":10,"column":45},"end":{"line":45,"column":1}},"line":10},"1":{"name":"(anonymous_1)","decl":{"start":{"line":64,"column":22},"end":{"line":64,"column":23}},"loc":{"start":{"line":64,"column":42},"end":{"line":79,"column":1}},"line":64}},"branchMap":{"0":{"loc":{"start":{"line":8,"column":19},"end":{"line":8,"column":53}},"type":"binary-expr","locations":[{"start":{"line":8,"column":19},"end":{"line":8,"column":41}},{"start":{"line":8,"column":45},"end":{"line":8,"column":53}}],"line":8},"1":{"loc":{"start":{"line":13,"column":2},"end":{"line":14,"column":61}},"type":"if","locations":[{"start":{"line":13,"column":2},"end":{"line":14,"column":61}},{"start":{},"end":{}}],"line":13},"2":{"loc":{"start":{"line":13,"column":6},"end":{"line":13,"column":34}},"type":"binary-expr","locations":[{"start":{"line":13,"column":6},"end":{"line":13,"column":11}},{"start":{"line":13,"column":15},"end":{"line":13,"column":21}},{"start":{"line":13,"column":25},"end":{"line":13,"column":34}}],"line":13},"3":{"loc":{"start":{"line":18,"column":4},"end":{"line":18,"column":94}},"type":"if","locations":[{"start":{"line":18,"column":4},"end":{"line":18,"column":94}},{"start":{},"end":{}}],"line":18},"4":{"loc":{"start":{"line":23,"column":4},"end":{"line":29,"column":5}},"type":"if","locations":[{"start":{"line":23,"column":4},"end":{"line":29,"column":5}},{"start":{},"end":{}}],"line":23},"5":{"loc":{"start":{"line":25,"column":6},"end":{"line":27,"column":7}},"type":"if","locations":[{"start":{"line":25,"column":6},"end":{"line":27,"column":7}},{"start":{},"end":{}}],"line":25},"6":{"loc":{"start":{"line":66,"column":2},"end":{"line":66,"column":84}},"type":"if","locations":[{"start":{"line":66,"column":2},"end":{"line":66,"column":84}},{"start":{},"end":{}}],"line":66},"7":{"loc":{"start":{"line":66,"column":6},"end":{"line":66,"column":25}},"type":"binary-expr","locations":[{"start":{"line":66,"column":6},"end":{"line":66,"column":12}},{"start":{"line":66,"column":16},"end":{"line":66,"column":25}}],"line":66},"8":{"loc":{"start":{"line":69,"column":4},"end":{"line":69,"column":83}},"type":"if","locations":[{"start":{"line":69,"column":4},"end":{"line":69,"column":83}},{"start":{},"end":{}}],"line":69},"9":{"loc":{"start":{"line":72,"column":4},"end":{"line":72,"column":75}},"type":"if","locations":[{"start":{"line":72,"column":4},"end":{"line":72,"column":75}},{"start":{},"end":{}}],"line":72}},"s":{"0":4,"1":4,"2":4,"3":4,"4":4,"5":4,"6":4,"7":4,"8":1,"9":1,"10":0,"11":1,"12":1,"13":1,"14":0,"15":1,"16":1,"17":0,"18":0,"19":0,"20":1,"21":1,"22":1,"23":1,"24":0,"25":0,"26":4,"27":1,"28":1,"29":0,"30":1,"31":1,"32":1,"33":0,"34":1,"35":1,"36":1,"37":0,"38":1,"39":1,"40":0,"41":0,"42":4},"f":{"0":1,"1":1},"b":{"0":[4,0],"1":[0,1],"2":[1,1,1],"3":[0,1],"4":[0,1],"5":[0,0],"6":[0,1],"7":[1,1],"8":[0,1],"9":[0,1]},"_coverageSchema":"1a1c01bbd47fc00a2c39e90264f33305004495a9","hash":"200d397b5b7312564f5816117d1c5b6d978c7a4b"}
,"D:\\INTERNSHIPS\\sweet-shop\\backend\\src\\routes\\orders.js": {"path":"D:\\INTERNSHIPS\\sweet-shop\\backend\\src\\routes\\orders.js","statementMap":{"0":{"start":{"line":2,"column":16},"end":{"line":2,"column":34}},"1":{"start":{"line":3,"column":11},"end":{"line":3,"column":27}},"2":{"start":{"line":4,"column":23},"end":{"line":4,"column":38}},"3":{"start":{"line":5,"column":17},"end":{"line":5,"column":46}},"4":{"start":{"line":6,"column":15},"end":{"line":6,"column":31}},"5":{"start":{"line":9,"column":0},"end":{"line":68,"column":3}},"6":{"start":{"line":10,"column":29},"end":{"line":10,"column":37}},"7":{"start":{"line":11,"column":17},"end":{"line":11,"column":28}},"8":{"start":{"line":13,"column":2},"end":{"line":13,"column":102}},"9":{"start":{"line":13,"column":51},"end":{"line":13,"column":102}},"10":{"start":{"line":15,"column":17},"end":{"line":15,"column":40}},"11":{"start":{"line":16,"column":2},"end":{"line":67,"column":3}},"12":{"start":{"line":17,"column":4},"end":{"line":17,"column":32}},"13":{"start":{"line":20,"column":16},"end":{"line":20,"column":38}},"14":{"start":{"line":20,"column":32},"end":{"line":20,"column":37}},"15":{"start":{"line":22,"column":14},"end":{"line":22,"column":119}},"16":{"start":{"line":23,"column":23},"end":{"line":23,"column":25}},"17":{"start":{"line":24,"column":4},"end":{"line":24,"column":55}},"18":{"start":{"line":24,"column":30},"end":{"line":24,"column":55}},"19":{"start":{"line":27,"column":16},"end":{"line":27,"column":17}},"20":{"start":{"line":28,"column":4},"end":{"line":33,"column":5}},"21":{"start":{"line":29,"column":16},"end":{"line":29,"column":33}},"22":{"start":{"line":30,"column":6},"end":{"line":30,"column":59}},"23":{"start":{"line":30,"column":14},"end":{"line":30,"column":59}},"24":{"start":{"line":31,"column":6},"end":{"line":31,"column":82}},"25":{"start":{"line":31,"column":31},"end":{"line":31,"column":82}},"26":{"start":{"line":32,"column":6},"end":{"line":32,"column":48}},"27":{"start":{"line":36,"column":20},"end":{"line":36,"column":28}},"28":{"start":{"line":37,"column":4},"end":{"line":40,"column":6}},"29":{"start":{"line":43,"column":4},"end":{"line":53,"column":5}},"30":{"start":{"line":44,"column":16},"end":{"line":44,"column":33}},"31":{"start":{"line":45,"column":6},"end":{"line":48,"column":8}},"32":{"start":{"line":49,"column":6},"end":{"line":52,"column":8}},"33":{"start":{"line":55,"column":4},"end":{"line":55,"column":33}},"34":{"start":{"line":58,"column":15},"end":{"line":58,"column":76}},"35":{"start":{"line":59,"column":4},"end":{"line":59,"column":48}},"36":{"start":{"line":61,"column":4},"end":{"line":61,"column":35}},"37":{"start":{"line":62,"column":4},"end":{"line":62,"column":23}},"38":{"start":{"line":63,"column":4},"end":{"line":63,"column":115}},"39":{"start":{"line":63,"column":63},"end":{"line":63,"column":115}},"40":{"start":{"line":64,"column":4},"end":{"line":64,"column":83}},"41":{"start":{"line":66,"column":4},"end":{"line":66,"column":21}},"42":{"start":{"line":72,"column":0},"end":{"line":88,"column":3}},"43":{"start":{"line":73,"column":17},"end":{"line":73,"column":42}},"44":{"start":{"line":74,"column":2},"end":{"line":87,"column":3}},"45":{"start":{"line":75,"column":4},"end":{"line":83,"column":5}},"46":{"start":{"line":76,"column":16},"end":{"line":76,"column":111}},"47":{"start":{"line":77,"column":6},"end":{"line":77,"column":30}},"48":{"start":{"line":80,"column":6},"end":{"line":80,"column":90}},"49":{"start":{"line":80,"column":37},"end":{"line":80,"column":90}},"50":{"start":{"line":81,"column":16},"end":{"line":81,"column":79}},"51":{"start":{"line":82,"column":6},"end":{"line":82,"column":30}},"52":{"start":{"line":85,"column":4},"end":{"line":85,"column":23}},"53":{"start":{"line":86,"column":4},"end":{"line":86,"column":59}},"54":{"start":{"line":91,"column":0},"end":{"line":106,"column":3}},"55":{"start":{"line":92,"column":17},"end":{"line":92,"column":27}},"56":{"start":{"line":93,"column":2},"end":{"line":105,"column":3}},"57":{"start":{"line":94,"column":14},"end":{"line":94,"column":70}},"58":{"start":{"line":95,"column":4},"end":{"line":95,"column":73}},"59":{"start":{"line":95,"column":21},"end":{"line":95,"column":73}},"60":{"start":{"line":96,"column":18},"end":{"line":96,"column":27}},"61":{"start":{"line":98,"column":4},"end":{"line":98,"column":120}},"62":{"start":{"line":98,"column":68},"end":{"line":98,"column":120}},"63":{"start":{"line":99,"column":18},"end":{"line":99,"column":143}},"64":{"start":{"line":100,"column":4},"end":{"line":100,"column":29}},"65":{"start":{"line":101,"column":4},"end":{"line":101,"column":20}},"66":{"start":{"line":103,"column":4},"end":{"line":103,"column":23}},"67":{"start":{"line":104,"column":4},"end":{"line":104,"column":58}},"68":{"start":{"line":110,"column":0},"end":{"line":156,"column":3}},"69":{"start":{"line":111,"column":2},"end":{"line":111,"column":86}},"70":{"start":{"line":111,"column":33},"end":{"line":111,"column":86}},"71":{"start":{"line":112,"column":2},"end":{"line":155,"column":3}},"72":{"start":{"line":114,"column":16},"end":{"line":114,"column":99}},"73":{"start":{"line":115,"column":25},"end":{"line":115,"column":58}},"74":{"start":{"line":118,"column":16},"end":{"line":118,"column":77}},"75":{"start":{"line":119,"column":24},"end":{"line":119,"column":56}},"76":{"start":{"line":122,"column":18},"end":{"line":122,"column":95}},"77":{"start":{"line":123,"column":23},"end":{"line":123,"column":56}},"78":{"start":{"line":126,"column":16},"end":{"line":133,"column":6}},"79":{"start":{"line":136,"column":18},"end":{"line":143,"column":6}},"80":{"start":{"line":145,"column":4},"end":{"line":151,"column":7}},"81":{"start":{"line":153,"column":4},"end":{"line":153,"column":23}},"82":{"start":{"line":154,"column":4},"end":{"line":154,"column":60}},"83":{"start":{"line":158,"column":0},"end":{"line":158,"column":24}}},"fnMap":{"0":{"name":"(anonymous_0)","decl":{"start":{"line":9,"column":23},"end":{"line":9,"column":24}},"loc":{"start":{"line":9,"column":43},"end":{"line":68,"column":1}},"line":9},"1":{"name":"(anonymous_1)","decl":{"start":{"line":20,"column":26},"end":{"line":20,"column":27}},"loc":{"start":{"line":20,"column":32},"end":{"line":20,"column":37}},"line":20},"2":{"name":"(anonymous_2)","decl":{"start":{"line":72,"column":22},"end":{"line":72,"column":23}},"loc":{"start":{"line":72,"column":42},"end":{"line":88,"column":1}},"line":72},"3":{"name":"(anonymous_3)","decl":{"start":{"line":91,"column":25},"end":{"line":91,"column":26}},"loc":{"start":{"line":91,"column":45},"end":{"line":106,"column":1}},"line":91},"4":{"name":"(anonymous_4)","decl":{"start":{"line":110,"column":31},"end":{"line":110,"column":32}},"loc":{"start":{"line":110,"column":51},"end":{"line":156,"column":1}},"line":110}},"branchMap":{"0":{"loc":{"start":{"line":13,"column":2},"end":{"line":13,"column":102}},"type":"if","locations":[{"start":{"line":13,"column":2},"end":{"line":13,"column":102}},{"start":{},"end":{}}],"line":13},"1":{"loc":{"start":{"line":13,"column":6},"end":{"line":13,"column":49}},"type":"binary-expr","locations":[{"start":{"line":13,"column":6},"end":{"line":13,"column":27}},{"start":{"line":13,"column":31},"end":{"line":13,"column":49}}],"line":13},"2":{"loc":{"start":{"line":30,"column":6},"end":{"line":30,"column":59}},"type":"if","locations":[{"start":{"line":30,"column":6},"end":{"line":30,"column":59}},{"start":{},"end":{}}],"line":30},"3":{"loc":{"start":{"line":31,"column":6},"end":{"line":31,"column":82}},"type":"if","locations":[{"start":{"line":31,"column":6},"end":{"line":31,"column":82}},{"start":{},"end":{}}],"line":31},"4":{"loc":{"start":{"line":39,"column":31},"end":{"line":39,"column":46}},"type":"binary-expr","locations":[{"start":{"line":39,"column":31},"end":{"line":39,"column":38}},{"start":{"line":39,"column":42},"end":{"line":39,"column":46}}],"line":39},"5":{"loc":{"start":{"line":63,"column":4},"end":{"line":63,"column":115}},"type":"if","locations":[{"start":{"line":63,"column":4},"end":{"line":63,"column":115}},{"start":{},"end":{}}],"line":63},"6":{"loc":{"start":{"line":63,"column":8},"end":{"line":63,"column":61}},"type":"binary-expr","locations":[{"start":{"line":63,"column":8},"end":{"line":63,"column":19}},{"start":{"line":63,"column":23},"end":{"line":63,"column":61}}],"line":63},"7":{"loc":{"start":{"line":64,"column":41},"end":{"line":64,"column":79}},"type":"binary-expr","locations":[{"start":{"line":64,"column":41},"end":{"line":64,"column":52}},{"start":{"line":64,"column":56},"end":{"line":64,"column":79}}],"line":64},"8":{"loc":{"start":{"line":75,"column":4},"end":{"line":83,"column":5}},"type":"if","locations":[{"start":{"line":75,"column":4},"end":{"line":83,"column":5}},{"start":{"line":78,"column":11},"end":{"line":83,"column":5}}],"line":75},"9":{"loc":{"start":{"line":80,"column":6},"end":{"line":80,"column":90}},"type":"if","locations":[{"start":{"line":80,"column":6},"end":{"line":80,"column":90}},{"start":{},"end":{}}],"line":80},"10":{"loc":{"start":{"line":95,"column":4},"end":{"line":95,"column":73}},"type":"if","locations":[{"start":{"line":95,"column":4},"end":{"line":95,"column":73}},{"start":{},"end":{}}],"line":95},"11":{"loc":{"start":{"line":98,"column":4},"end":{"line":98,"column":120}},"type":"if","locations":[{"start":{"line":98,"column":4},"end":{"line":98,"column":120}},{"start":{},"end":{}}],"line":98},"12":{"loc":{"start":{"line":98,"column":8},"end":{"line":98,"column":66}},"type":"binary-expr","locations":[{"start":{"line":98,"column":8},"end":{"line":98,"column":33}},{"start":{"line":98,"column":37},"end":{"line":98,"column":66}}],"line":98},"13":{"loc":{"start":{"line":111,"column":2},"end":{"line":111,"column":86}},"type":"if","locations":[{"start":{"line":111,"column":2},"end":{"line":111,"column":86}},{"start":{},"end":{}}],"line":111}},"s":{"0":4,"1":4,"2":4,"3":4,"4":4,"5":4,"6":0,"7":0,"8":0,"9":0,"10":0,"11":0,"12":0,"13":0,"14":0,"15":0,"16":0,"17":0,"18":0,"19":0,"20":0,"21":0,"22":0,"23":0,"24":0,"25":0,"26":0,"27":0,"28":0,"29":0,"30":0,"31":0,"32":0,"33":0,"34":0,"35":0,"36":0,"37":0,"38":0,"39":0,"40":0,"41":0,"42":4,"43":0,"44":0,"45":0,"46":0,"47":0,"48":0,"49":0,"50":0,"51":0,"52":0,"53":0,"54":4,"55":0,"56":0,"57":0,"58":0,"59":0,"60":0,"61":0,"62":0,"63":0,"64":0,"65":0,"66":0,"67":0,"68":4,"69":0,"70":0,"71":0,"72":0,"73":0,"74":0,"75":0,"76":0,"77":0,"78":0,"79":0,"80":0,"81":0,"82":0,"83":4},"f":{"0":0,"1":0,"2":0,"3":0,"4":0},"b":{"0":[0,0],"1":[0,0],"2":[0,0],"3":[0,0],"4":[0,0],"5":[0,0],"6":[0,0],"7":[0,0],"8":[0,0],"9":[0,0],"10":[0,0],"11":[0,0],"12":[0,0],"13":[0,0]},"_coverageSchema":"1a1c01bbd47fc00a2c39e90264f33305004495a9","hash":"cb9b2bd31658ba4bd12f4a31d95cb08549bbb6b7"}
,"D:\\INTERNSHIPS\\sweet-shop\\backend\\src\\routes\\sweets.js": {"path":"D:\\INTERNSHIPS\\sweet-shop\\backend\\src\\routes\\sweets.js","statementMap":{"0":{"start":{"line":1,"column":16},"end":{"line":1,"column":34}},"1":{"start":{"line":2,"column":11},"end":{"line":2,"column":27}},"2":{"start":{"line":3,"column":31},"end":{"line":3,"column":60}},"3":{"start":{"line":4,"column":15},"end":{"line":4,"column":31}},"4":{"start":{"line":5,"column":23},"end":{"line":5,"column":38}},"5":{"start":{"line":8,"column":0},"end":{"line":23,"column":3}},"6":{"start":{"line":10,"column":53},"end":{"line":10,"column":61}},"7":{"start":{"line":11,"column":2},"end":{"line":11,"column":116}},"8":{"start":{"line":11,"column":59},"end":{"line":11,"column":116}},"9":{"start":{"line":12,"column":2},"end":{"line":22,"column":88}},"10":{"start":{"line":13,"column":15},"end":{"line":13,"column":23}},"11":{"start":{"line":15,"column":4},"end":{"line":18,"column":6}},"12":{"start":{"line":20,"column":14},"end":{"line":20,"column":69}},"13":{"start":{"line":21,"column":4},"end":{"line":21,"column":36}},"14":{"start":{"line":22,"column":16},"end":{"line":22,"column":35}},"15":{"start":{"line":22,"column":36},"end":{"line":22,"column":86}},"16":{"start":{"line":26,"column":0},"end":{"line":31,"column":3}},"17":{"start":{"line":27,"column":2},"end":{"line":30,"column":88}},"18":{"start":{"line":28,"column":14},"end":{"line":28,"column":66}},"19":{"start":{"line":29,"column":4},"end":{"line":29,"column":21}},"20":{"start":{"line":30,"column":16},"end":{"line":30,"column":35}},"21":{"start":{"line":30,"column":36},"end":{"line":30,"column":86}},"22":{"start":{"line":34,"column":0},"end":{"line":48,"column":3}},"23":{"start":{"line":35,"column":46},"end":{"line":35,"column":55}},"24":{"start":{"line":36,"column":16},"end":{"line":36,"column":18}},"25":{"start":{"line":37,"column":17},"end":{"line":37,"column":19}},"26":{"start":{"line":38,"column":12},"end":{"line":38,"column":13}},"27":{"start":{"line":39,"column":2},"end":{"line":39,"column":77}},"28":{"start":{"line":39,"column":11},"end":{"line":39,"column":44}},"29":{"start":{"line":39,"column":45},"end":{"line":39,"column":68}},"30":{"start":{"line":39,"column":69},"end":{"line":39,"column":75}},"31":{"start":{"line":40,"column":2},"end":{"line":40,"column":83}},"32":{"start":{"line":40,"column":18},"end":{"line":40,"column":51}},"33":{"start":{"line":40,"column":52},"end":{"line":40,"column":74}},"34":{"start":{"line":40,"column":75},"end":{"line":40,"column":81}},"35":{"start":{"line":41,"column":2},"end":{"line":41,"column":93}},"36":{"start":{"line":41,"column":18},"end":{"line":41,"column":49}},"37":{"start":{"line":41,"column":50},"end":{"line":41,"column":84}},"38":{"start":{"line":41,"column":85},"end":{"line":41,"column":91}},"39":{"start":{"line":42,"column":2},"end":{"line":42,"column":93}},"40":{"start":{"line":42,"column":18},"end":{"line":42,"column":49}},"41":{"start":{"line":42,"column":50},"end":{"line":42,"column":84}},"42":{"start":{"line":42,"column":85},"end":{"line":42,"column":91}},"43":{"start":{"line":43,"column":16},"end":{"line":43,"column":66}},"44":{"start":{"line":44,"column":2},"end":{"line":47,"column":88}},"45":{"start":{"line":45,"column":14},"end":{"line":45,"column":83}},"46":{"start":{"line":46,"column":4},"end":{"line":46,"column":21}},"47":{"start":{"line":47,"column":16},"end":{"line":47,"column":35}},"48":{"start":{"line":47,"column":36},"end":{"line":47,"column":86}},"49":{"start":{"line":51,"column":0},"end":{"line":68,"column":3}},"50":{"start":{"line":52,"column":17},"end":{"line":52,"column":27}},"51":{"start":{"line":54,"column":17},"end":{"line":54,"column":63}},"52":{"start":{"line":55,"column":15},"end":{"line":55,"column":17}},"53":{"start":{"line":56,"column":17},"end":{"line":56,"column":19}},"54":{"start":{"line":57,"column":10},"end":{"line":57,"column":11}},"55":{"start":{"line":58,"column":2},"end":{"line":60,"column":3}},"56":{"start":{"line":59,"column":4},"end":{"line":59,"column":86}},"57":{"start":{"line":59,"column":25},"end":{"line":59,"column":51}},"58":{"start":{"line":59,"column":52},"end":{"line":59,"column":77}},"59":{"start":{"line":59,"column":78},"end":{"line":59,"column":84}},"60":{"start":{"line":61,"column":2},"end":{"line":61,"column":80}},"61":{"start":{"line":61,"column":20},"end":{"line":61,"column":80}},"62":{"start":{"line":62,"column":2},"end":{"line":62,"column":18}},"63":{"start":{"line":63,"column":2},"end":{"line":67,"column":88}},"64":{"start":{"line":64,"column":4},"end":{"line":64,"column":84}},"65":{"start":{"line":65,"column":14},"end":{"line":65,"column":69}},"66":{"start":{"line":66,"column":4},"end":{"line":66,"column":24}},"67":{"start":{"line":67,"column":16},"end":{"line":67,"column":35}},"68":{"start":{"line":67,"column":36},"end":{"line":67,"column":86}},"69":{"start":{"line":71,"column":0},"end":{"line":77,"column":3}},"70":{"start":{"line":72,"column":17},"end":{"line":72,"column":27}},"71":{"start":{"line":73,"column":2},"end":{"line":76,"column":88}},"72":{"start":{"line":74,"column":4},"end":{"line":74,"column":58}},"73":{"start":{"line":75,"column":4},"end":{"line":75,"column":26}},"74":{"start":{"line":76,"column":16},"end":{"line":76,"column":35}},"75":{"start":{"line":76,"column":36},"end":{"line":76,"column":86}},"76":{"start":{"line":80,"column":0},"end":{"line":91,"column":3}},"77":{"start":{"line":81,"column":17},"end":{"line":81,"column":27}},"78":{"start":{"line":82,"column":14},"end":{"line":82,"column":41}},"79":{"start":{"line":83,"column":2},"end":{"line":90,"column":88}},"80":{"start":{"line":84,"column":14},"end":{"line":84,"column":83}},"81":{"start":{"line":85,"column":4},"end":{"line":85,"column":73}},"82":{"start":{"line":85,"column":21},"end":{"line":85,"column":73}},"83":{"start":{"line":86,"column":16},"end":{"line":86,"column":34}},"84":{"start":{"line":87,"column":4},"end":{"line":87,"column":80}},"85":{"start":{"line":87,"column":19},"end":{"line":87,"column":80}},"86":{"start":{"line":88,"column":4},"end":{"line":88,"column":86}},"87":{"start":{"line":89,"column":4},"end":{"line":89,"column":27}},"88":{"start":{"line":90,"column":16},"end":{"line":90,"column":35}},"89":{"start":{"line":90,"column":36},"end":{"line":90,"column":86}},"90":{"start":{"line":94,"column":0},"end":{"line":104,"column":3}},"91":{"start":{"line":95,"column":17},"end":{"line":95,"column":27}},"92":{"start":{"line":96,"column":14},"end":{"line":96,"column":41}},"93":{"start":{"line":97,"column":2},"end":{"line":103,"column":88}},"94":{"start":{"line":98,"column":14},"end":{"line":98,"column":76}},"95":{"start":{"line":99,"column":4},"end":{"line":99,"column":73}},"96":{"start":{"line":99,"column":21},"end":{"line":99,"column":73}},"97":{"start":{"line":100,"column":4},"end":{"line":100,"column":86}},"98":{"start":{"line":101,"column":15},"end":{"line":101,"column":70}},"99":{"start":{"line":102,"column":4},"end":{"line":102,"column":25}},"100":{"start":{"line":103,"column":16},"end":{"line":103,"column":35}},"101":{"start":{"line":103,"column":36},"end":{"line":103,"column":86}},"102":{"start":{"line":106,"column":0},"end":{"line":106,"column":24}}},"fnMap":{"0":{"name":"(anonymous_0)","decl":{"start":{"line":8,"column":37},"end":{"line":8,"column":38}},"loc":{"start":{"line":8,"column":57},"end":{"line":23,"column":1}},"line":8},"1":{"name":"(anonymous_1)","decl":{"start":{"line":26,"column":16},"end":{"line":26,"column":17}},"loc":{"start":{"line":26,"column":36},"end":{"line":31,"column":1}},"line":26},"2":{"name":"(anonymous_2)","decl":{"start":{"line":34,"column":22},"end":{"line":34,"column":23}},"loc":{"start":{"line":34,"column":42},"end":{"line":48,"column":1}},"line":34},"3":{"name":"(anonymous_3)","decl":{"start":{"line":51,"column":39},"end":{"line":51,"column":40}},"loc":{"start":{"line":51,"column":59},"end":{"line":68,"column":1}},"line":51},"4":{"name":"(anonymous_4)","decl":{"start":{"line":71,"column":42},"end":{"line":71,"column":43}},"loc":{"start":{"line":71,"column":62},"end":{"line":77,"column":1}},"line":71},"5":{"name":"(anonymous_5)","decl":{"start":{"line":80,"column":35},"end":{"line":80,"column":36}},"loc":{"start":{"line":80,"column":55},"end":{"line":91,"column":1}},"line":80},"6":{"name":"(anonymous_6)","decl":{"start":{"line":94,"column":48},"end":{"line":94,"column":49}},"loc":{"start":{"line":94,"column":68},"end":{"line":104,"column":1}},"line":94}},"branchMap":{"0":{"loc":{"start":{"line":11,"column":2},"end":{"line":11,"column":116}},"type":"if","locations":[{"start":{"line":11,"column":2},"end":{"line":11,"column":116}},{"start":{},"end":{}}],"line":11},"1":{"loc":{"start":{"line":11,"column":6},"end":{"line":11,"column":57}},"type":"binary-expr","locations":[{"start":{"line":11,"column":6},"end":{"line":11,"column":11}},{"start":{"line":11,"column":15},"end":{"line":11,"column":24}},{"start":{"line":11,"column":28},"end":{"line":11,"column":39}},{"start":{"line":11,"column":43},"end":{"line":11,"column":57}}],"line":11},"2":{"loc":{"start":{"line":39,"column":2},"end":{"line":39,"column":77}},"type":"if","locations":[{"start":{"line":39,"column":2},"end":{"line":39,"column":77}},{"start":{},"end":{}}],"line":39},"3":{"loc":{"start":{"line":40,"column":2},"end":{"line":40,"column":83}},"type":"if","locations":[{"start":{"line":40,"column":2},"end":{"line":40,"column":83}},{"start":{},"end":{}}],"line":40},"4":{"loc":{"start":{"line":41,"column":2},"end":{"line":41,"column":93}},"type":"if","locations":[{"start":{"line":41,"column":2},"end":{"line":41,"column":93}},{"start":{},"end":{}}],"line":41},"5":{"loc":{"start":{"line":42,"column":2},"end":{"line":42,"column":93}},"type":"if","locations":[{"start":{"line":42,"column":2},"end":{"line":42,"column":93}},{"start":{},"end":{}}],"line":42},"6":{"loc":{"start":{"line":43,"column":16},"end":{"line":43,"column":66}},"type":"cond-expr","locations":[{"start":{"line":43,"column":31},"end":{"line":43,"column":61}},{"start":{"line":43,"column":64},"end":{"line":43,"column":66}}],"line":43},"7":{"loc":{"start":{"line":59,"column":4},"end":{"line":59,"column":86}},"type":"if","locations":[{"start":{"line":59,"column":4},"end":{"line":59,"column":86}},{"start":{},"end":{}}],"line":59},"8":{"loc":{"start":{"line":61,"column":2},"end":{"line":61,"column":80}},"type":"if","locations":[{"start":{"line":61,"column":2},"end":{"line":61,"column":80}},{"start":{},"end":{}}],"line":61},"9":{"loc":{"start":{"line":82,"column":23},"end":{"line":82,"column":40}},"type":"binary-expr","locations":[{"start":{"line":82,"column":23},"end":{"line":82,"column":35}},{"start":{"line":82,"column":39},"end":{"line":82,"column":40}}],"line":82},"10":{"loc":{"start":{"line":85,"column":4},"end":{"line":85,"column":73}},"type":"if","locations":[{"start":{"line":85,"column":4},"end":{"line":85,"column":73}},{"start":{},"end":{}}],"line":85},"11":{"loc":{"start":{"line":87,"column":4},"end":{"line":87,"column":80}},"type":"if","locations":[{"start":{"line":87,"column":4},"end":{"line":87,"column":80}},{"start":{},"end":{}}],"line":87},"12":{"loc":{"start":{"line":96,"column":23},"end":{"line":96,"column":40}},"type":"binary-expr","locations":[{"start":{"line":96,"column":23},"end":{"line":96,"column":35}},{"start":{"line":96,"column":39},"end":{"line":96,"column":40}}],"line":96},"13":{"loc":{"start":{"line":99,"column":4},"end":{"line":99,"column":73}},"type":"if","locations":[{"start":{"line":99,"column":4},"end":{"line":99,"column":73}},{"start":{},"end":{}}],"line":99}},"s":{"0":4,"1":4,"2":4,"3":4,"4":4,"5":4,"6":2,"7":2,"8":0,"9":2,"10":2,"11":2,"12":2,"13":2,"14":0,"15":0,"16":4,"17":0,"18":0,"19":0,"20":0,"21":0,"22":4,"23":0,"24":0,"25":0,"26":0,"27":0,"28":0,"29":0,"30":0,"31":0,"32":0,"33":0,"34":0,"35":0,"36":0,"37":0,"38":0,"39":0,"40":0,"41":0,"42":0,"43":0,"44":0,"45":0,"46":0,"47":0,"48":0,"49":4,"50":0,"51":0,"52":0,"53":0,"54":0,"55":0,"56":0,"57":0,"58":0,"59":0,"60":0,"61":0,"62":0,"63":0,"64":0,"65":0,"66":0,"67":0,"68":0,"69":4,"70":0,"71":0,"72":0,"73":0,"74":0,"75":0,"76":4,"77":2,"78":2,"79":2,"80":2,"81":2,"82":0,"83":2,"84":2,"85":1,"86":1,"87":1,"88":0,"89":0,"90":4,"91":0,"92":0,"93":0,"94":0,"95":0,"96":0,"97":0,"98":0,"99":0,"100":0,"101":0,"102":4},"f":{"0":2,"1":0,"2":0,"3":0,"4":0,"5":2,"6":0},"b":{"0":[0,2],"1":[2,2,2,2],"2":[0,0],"3":[0,0],"4":[0,0],"5":[0,0],"6":[0,0],"7":[0,0],"8":[0,0],"9":[2,0],"10":[0,2],"11":[1,1],"12":[0,0],"13":[0,0]},"_coverageSchema":"1a1c01bbd47fc00a2c39e90264f33305004495a9","hash":"ccb55caf9e4c986a35968f344d6d5c310eb9dcf8"}
}
